<?xml version="1.0" encoding="UTF-8"?>
<testsuite xmlns:xsi="http://www.w3.org/2001/XMLSchema-instance" xsi:noNamespaceSchemaLocation="https://maven.apache.org/surefire/maven-surefire-plugin/xsd/surefire-test-report.xsd" name="TestSuite" time="40.295" tests="16" errors="0" skipped="0" failures="0">
  <properties>
    <property name="java.specification.version" value="18"/>
    <property name="sun.cpu.isalist" value="amd64"/>
    <property name="sun.jnu.encoding" value="Cp1251"/>
    <property name="java.class.path" value="G:\autotests\PlaywrightPOMSeries\target\test-classes;G:\autotests\PlaywrightPOMSeries\target\classes;C:\Users\AllanRey\.m2\repository\com\microsoft\playwright\playwright\1.31.0\playwright-1.31.0.jar;C:\Users\AllanRey\.m2\repository\com\google\code\gson\gson\2.8.9\gson-2.8.9.jar;C:\Users\AllanRey\.m2\repository\org\opentest4j\opentest4j\1.2.0\opentest4j-1.2.0.jar;C:\Users\AllanRey\.m2\repository\com\microsoft\playwright\driver\1.31.0\driver-1.31.0.jar;C:\Users\AllanRey\.m2\repository\com\microsoft\playwright\driver-bundle\1.31.0\driver-bundle-1.31.0.jar;C:\Users\AllanRey\.m2\repository\com\aventstack\extentreports\5.0.8\extentreports-5.0.8.jar;C:\Users\AllanRey\.m2\repository\io\reactivex\rxjava3\rxjava\3.0.4\rxjava-3.0.4.jar;C:\Users\AllanRey\.m2\repository\org\reactivestreams\reactive-streams\1.0.3\reactive-streams-1.0.3.jar;C:\Users\AllanRey\.m2\repository\org\freemarker\freemarker\2.3.30\freemarker-2.3.30.jar;C:\Users\AllanRey\.m2\repository\org\testng\testng\7.7.1\testng-7.7.1.jar;C:\Users\AllanRey\.m2\repository\org\slf4j\slf4j-api\1.7.36\slf4j-api-1.7.36.jar;C:\Users\AllanRey\.m2\repository\com\beust\jcommander\1.82\jcommander-1.82.jar;C:\Users\AllanRey\.m2\repository\org\webjars\jquery\3.6.1\jquery-3.6.1.jar;C:\Users\AllanRey\.m2\repository\org\projectlombok\lombok\1.18.22\lombok-1.18.22.jar;C:\Users\AllanRey\.m2\repository\org\jetbrains\annotations\24.0.1\annotations-24.0.1.jar;"/>
    <property name="java.vm.vendor" value="Oracle Corporation"/>
    <property name="sun.arch.data.model" value="64"/>
    <property name="user.variant" value=""/>
    <property name="java.vendor.url" value="https://java.oracle.com/"/>
    <property name="user.timezone" value="Europe/Moscow"/>
    <property name="os.name" value="Windows 10"/>
    <property name="java.vm.specification.version" value="18"/>
    <property name="sun.java.launcher" value="SUN_STANDARD"/>
    <property name="user.country" value="RU"/>
    <property name="sun.boot.library.path" value="C:\Program Files\Java\jdk-18.0.1.1\bin"/>
    <property name="sun.java.command" value="C:\Users\AllanRey\AppData\Local\Temp\surefire15182466105584681280\surefirebooter6831561405478331250.jar C:\Users\AllanRey\AppData\Local\Temp\surefire15182466105584681280 2023-04-05T13-34-56_024-jvmRun1 surefire12691078604843339997tmp surefire_08546081050532472888tmp"/>
    <property name="jdk.debug" value="release"/>
    <property name="surefire.test.class.path" value="G:\autotests\PlaywrightPOMSeries\target\test-classes;G:\autotests\PlaywrightPOMSeries\target\classes;C:\Users\AllanRey\.m2\repository\com\microsoft\playwright\playwright\1.31.0\playwright-1.31.0.jar;C:\Users\AllanRey\.m2\repository\com\google\code\gson\gson\2.8.9\gson-2.8.9.jar;C:\Users\AllanRey\.m2\repository\org\opentest4j\opentest4j\1.2.0\opentest4j-1.2.0.jar;C:\Users\AllanRey\.m2\repository\com\microsoft\playwright\driver\1.31.0\driver-1.31.0.jar;C:\Users\AllanRey\.m2\repository\com\microsoft\playwright\driver-bundle\1.31.0\driver-bundle-1.31.0.jar;C:\Users\AllanRey\.m2\repository\com\aventstack\extentreports\5.0.8\extentreports-5.0.8.jar;C:\Users\AllanRey\.m2\repository\io\reactivex\rxjava3\rxjava\3.0.4\rxjava-3.0.4.jar;C:\Users\AllanRey\.m2\repository\org\reactivestreams\reactive-streams\1.0.3\reactive-streams-1.0.3.jar;C:\Users\AllanRey\.m2\repository\org\freemarker\freemarker\2.3.30\freemarker-2.3.30.jar;C:\Users\AllanRey\.m2\repository\org\testng\testng\7.7.1\testng-7.7.1.jar;C:\Users\AllanRey\.m2\repository\org\slf4j\slf4j-api\1.7.36\slf4j-api-1.7.36.jar;C:\Users\AllanRey\.m2\repository\com\beust\jcommander\1.82\jcommander-1.82.jar;C:\Users\AllanRey\.m2\repository\org\webjars\jquery\3.6.1\jquery-3.6.1.jar;C:\Users\AllanRey\.m2\repository\org\projectlombok\lombok\1.18.22\lombok-1.18.22.jar;C:\Users\AllanRey\.m2\repository\org\jetbrains\annotations\24.0.1\annotations-24.0.1.jar;"/>
    <property name="sun.cpu.endian" value="little"/>
    <property name="user.home" value="C:\Users\AllanRey"/>
    <property name="user.language" value="ru"/>
    <property name="java.specification.vendor" value="Oracle Corporation"/>
    <property name="java.version.date" value="2022-04-22"/>
    <property name="java.home" value="C:\Program Files\Java\jdk-18.0.1.1"/>
    <property name="file.separator" value="\"/>
    <property name="basedir" value="G:\autotests\PlaywrightPOMSeries"/>
    <property name="java.vm.compressedOopsMode" value="Zero based"/>
    <property name="line.separator" value="&#10;"/>
    <property name="java.vm.specification.vendor" value="Oracle Corporation"/>
    <property name="java.specification.name" value="Java Platform API Specification"/>
    <property name="surefire.real.class.path" value="C:\Users\AllanRey\AppData\Local\Temp\surefire15182466105584681280\surefirebooter6831561405478331250.jar"/>
    <property name="user.script" value=""/>
    <property name="sun.management.compiler" value="HotSpot 64-Bit Tiered Compilers"/>
    <property name="java.runtime.version" value="18.0.1.1+2-6"/>
    <property name="user.name" value="AllanRey"/>
    <property name="path.separator" value=";"/>
    <property name="os.version" value="10.0"/>
    <property name="java.runtime.name" value="Java(TM) SE Runtime Environment"/>
    <property name="file.encoding" value="UTF-8"/>
    <property name="java.vm.name" value="Java HotSpot(TM) 64-Bit Server VM"/>
    <property name="localRepository" value="C:\Users\AllanRey\.m2\repository"/>
    <property name="java.vendor.url.bug" value="https://bugreport.java.com/bugreport/"/>
    <property name="java.io.tmpdir" value="C:\Users\AllanRey\AppData\Local\Temp\"/>
    <property name="java.version" value="18.0.1.1"/>
    <property name="user.dir" value="G:\autotests\PlaywrightPOMSeries"/>
    <property name="os.arch" value="amd64"/>
    <property name="java.vm.specification.name" value="Java Virtual Machine Specification"/>
    <property name="sun.os.patch.level" value=""/>
    <property name="native.encoding" value="Cp1251"/>
    <property name="java.library.path" value="C:\Program Files\Java\jdk-18.0.1.1\bin;C:\WINDOWS\Sun\Java\bin;C:\WINDOWS\system32;C:\WINDOWS;C:\Program Files\Git\mingw64\bin;C:\Program Files\Git\usr\bin;C:\Users\AllanRey\bin;C:\Program Files (x86)\Common Files\Intel\Shared Libraries\redist\intel64\compiler;C:\Program Files\Java\jdk-18.0.1.1\bin;C:\Program Files\nodejs;C:\Users\AllanRey\AppData\Local\Programs\Python\Python310\Scripts;C:\Users\AllanRey\AppData\Local\Programs\Python\Python310;C:\Windows\System32;C:\Program Files\PostgreSQL\14\bin;C:\Program Files\PostgreSQL\14\lib;C:\ProgramData\chocolatey\bin;C:\Program Files\NVIDIA Corporation\NVIDIA NvDLISR;C:\Program Files\Cloudflare\Cloudflare WARP;C:\Program Files\Docker\Docker\resources\bin;C:\Users\AllanRey\AppData\Roaming\npm;C:\Program Files\JetBrains\PyCharm Community Edition 2022.1.2\bin;C:\Program Files\JetBrains\WebStorm 2022.1.2\bin;C:\Program Files (x86)\BrowserStackLocal;C:\Program Files\apache-maven-3.8.5\bin;C:\Program Files\apache-maven-3.8.5\bin;C:\Program Files\JetBrains\Aqua 231.8495\bin;."/>
    <property name="java.vm.info" value="mixed mode, sharing"/>
    <property name="java.vendor" value="Oracle Corporation"/>
    <property name="java.vm.version" value="18.0.1.1+2-6"/>
    <property name="sun.io.unicode.encoding" value="UnicodeLittle"/>
    <property name="java.class.version" value="62.0"/>
  </properties>
  <testcase name="homePageTitleTest" classname="com.qa.opencart.tests.HomePageTest" time="0.116"/>
  <testcase name="homePageTitleTest" classname="com.qa.opencart.tests.HomePageTest" time="0.023"/>
  <testcase name="homePageURLTest" classname="com.qa.opencart.tests.HomePageTest" time="0.001"/>
  <testcase name="homePageURLTest" classname="com.qa.opencart.tests.HomePageTest" time="0.002"/>
  <testcase name="loginPageNavigationTest" classname="com.qa.opencart.tests.LoginPageTest" time="0.335"/>
  <testcase name="loginPageNavigationTest" classname="com.qa.opencart.tests.LoginPageTest" time="0.447"/>
  <testcase name="forgotPwdLinkExistTest" classname="com.qa.opencart.tests.LoginPageTest" time="0.03"/>
  <testcase name="forgotPwdLinkExistTest" classname="com.qa.opencart.tests.LoginPageTest" time="0.026"/>
  <testcase name="searchTest" classname="com.qa.opencart.tests.HomePageTest" time="0.871"/>
  <testcase name="searchTest" classname="com.qa.opencart.tests.HomePageTest" time="0.663"/>
  <testcase name="searchTest" classname="com.qa.opencart.tests.HomePageTest" time="5.19"/>
  <testcase name="searchTest" classname="com.qa.opencart.tests.HomePageTest" time="0.446"/>
  <testcase name="searchTest" classname="com.qa.opencart.tests.HomePageTest" time="5.16"/>
  <testcase name="searchTest" classname="com.qa.opencart.tests.HomePageTest" time="6.124"/>
  <testcase name="appLoginTest" classname="com.qa.opencart.tests.LoginPageTest" time="0.206"/>
  <testcase name="appLoginTest" classname="com.qa.opencart.tests.LoginPageTest" time="0.22"/>
</testsuite>